  Avatar.cpp
C:\Users\rusaf\Documents\Trabajos\Pacman\Pacman\Constants.h(26,31): error C7525: inline variables require at least '/std:c++17'
C:\Users\rusaf\Documents\Trabajos\Pacman\Pacman\Constants.h(27,31): error C7525: inline variables require at least '/std:c++17'
C:\Users\rusaf\Documents\Trabajos\Pacman\Pacman\Constants.h(28,31): error C7525: inline variables require at least '/std:c++17'
C:\Users\rusaf\Documents\Trabajos\Pacman\Pacman\Constants.h(29,31): error C7525: inline variables require at least '/std:c++17'
C:\Users\rusaf\Documents\Trabajos\Pacman\Pacman\Constants.h(32,31): error C7525: inline variables require at least '/std:c++17'
C:\Users\rusaf\Documents\Trabajos\Pacman\Pacman\Constants.h(33,31): error C7525: inline variables require at least '/std:c++17'
C:\Users\rusaf\Documents\Trabajos\Pacman\Pacman\Constants.h(34,31): error C7525: inline variables require at least '/std:c++17'
C:\Users\rusaf\Documents\Trabajos\Pacman\Pacman\Constants.h(35,31): error C7525: inline variables require at least '/std:c++17'
C:\Users\rusaf\Documents\Trabajos\Pacman\Pacman\Constants.h(37,31): error C7525: inline variables require at least '/std:c++17'
C:\Users\rusaf\Documents\Trabajos\Pacman\Pacman\Constants.h(38,31): error C7525: inline variables require at least '/std:c++17'
C:\Users\rusaf\Documents\Trabajos\Pacman\Pacman\Constants.h(41,31): error C7525: inline variables require at least '/std:c++17'
C:\Users\rusaf\Documents\Trabajos\Pacman\Pacman\Constants.h(42,31): error C7525: inline variables require at least '/std:c++17'
C:\Users\rusaf\Documents\Trabajos\Pacman\Pacman\Constants.h(45,31): error C7525: inline variables require at least '/std:c++17'
C:\Users\rusaf\Documents\Trabajos\Pacman\Pacman\Constants.h(48,31): error C7525: inline variables require at least '/std:c++17'
C:\Users\rusaf\Documents\Trabajos\Pacman\Pacman\Constants.h(51,31): error C7525: inline variables require at least '/std:c++17'
C:\Users\rusaf\Documents\Trabajos\Pacman\Pacman\Constants.h(54,29): error C7525: inline variables require at least '/std:c++17'
C:\Users\rusaf\Documents\Trabajos\Pacman\Pacman\Constants.h(55,29): error C7525: inline variables require at least '/std:c++17'
C:\Users\rusaf\Documents\Trabajos\Pacman\Pacman\Constants.h(58,29): error C7525: inline variables require at least '/std:c++17'
C:\Users\rusaf\Documents\Trabajos\Pacman\Pacman\Avatar.h(31,27): warning C4244: 'initializing': conversion from 'float' to 'const int', possible loss of data
  BigDot.cpp
C:\Users\rusaf\Documents\Trabajos\Pacman\Pacman\Constants.h(26,31): error C7525: inline variables require at least '/std:c++17'
C:\Users\rusaf\Documents\Trabajos\Pacman\Pacman\Constants.h(27,31): error C7525: inline variables require at least '/std:c++17'
C:\Users\rusaf\Documents\Trabajos\Pacman\Pacman\Constants.h(28,31): error C7525: inline variables require at least '/std:c++17'
C:\Users\rusaf\Documents\Trabajos\Pacman\Pacman\Constants.h(29,31): error C7525: inline variables require at least '/std:c++17'
C:\Users\rusaf\Documents\Trabajos\Pacman\Pacman\Constants.h(32,31): error C7525: inline variables require at least '/std:c++17'
C:\Users\rusaf\Documents\Trabajos\Pacman\Pacman\Constants.h(33,31): error C7525: inline variables require at least '/std:c++17'
C:\Users\rusaf\Documents\Trabajos\Pacman\Pacman\Constants.h(34,31): error C7525: inline variables require at least '/std:c++17'
C:\Users\rusaf\Documents\Trabajos\Pacman\Pacman\Constants.h(35,31): error C7525: inline variables require at least '/std:c++17'
C:\Users\rusaf\Documents\Trabajos\Pacman\Pacman\Constants.h(37,31): error C7525: inline variables require at least '/std:c++17'
C:\Users\rusaf\Documents\Trabajos\Pacman\Pacman\Constants.h(38,31): error C7525: inline variables require at least '/std:c++17'
C:\Users\rusaf\Documents\Trabajos\Pacman\Pacman\Constants.h(41,31): error C7525: inline variables require at least '/std:c++17'
C:\Users\rusaf\Documents\Trabajos\Pacman\Pacman\Constants.h(42,31): error C7525: inline variables require at least '/std:c++17'
C:\Users\rusaf\Documents\Trabajos\Pacman\Pacman\Constants.h(45,31): error C7525: inline variables require at least '/std:c++17'
C:\Users\rusaf\Documents\Trabajos\Pacman\Pacman\Constants.h(48,31): error C7525: inline variables require at least '/std:c++17'
C:\Users\rusaf\Documents\Trabajos\Pacman\Pacman\Constants.h(51,31): error C7525: inline variables require at least '/std:c++17'
C:\Users\rusaf\Documents\Trabajos\Pacman\Pacman\Constants.h(54,29): error C7525: inline variables require at least '/std:c++17'
C:\Users\rusaf\Documents\Trabajos\Pacman\Pacman\Constants.h(55,29): error C7525: inline variables require at least '/std:c++17'
C:\Users\rusaf\Documents\Trabajos\Pacman\Pacman\Constants.h(58,29): error C7525: inline variables require at least '/std:c++17'
  Cherry.cpp
C:\Users\rusaf\Documents\Trabajos\Pacman\Pacman\Constants.h(26,31): error C7525: inline variables require at least '/std:c++17'
C:\Users\rusaf\Documents\Trabajos\Pacman\Pacman\Constants.h(27,31): error C7525: inline variables require at least '/std:c++17'
C:\Users\rusaf\Documents\Trabajos\Pacman\Pacman\Constants.h(28,31): error C7525: inline variables require at least '/std:c++17'
C:\Users\rusaf\Documents\Trabajos\Pacman\Pacman\Constants.h(29,31): error C7525: inline variables require at least '/std:c++17'
C:\Users\rusaf\Documents\Trabajos\Pacman\Pacman\Constants.h(32,31): error C7525: inline variables require at least '/std:c++17'
C:\Users\rusaf\Documents\Trabajos\Pacman\Pacman\Constants.h(33,31): error C7525: inline variables require at least '/std:c++17'
C:\Users\rusaf\Documents\Trabajos\Pacman\Pacman\Constants.h(34,31): error C7525: inline variables require at least '/std:c++17'
C:\Users\rusaf\Documents\Trabajos\Pacman\Pacman\Constants.h(35,31): error C7525: inline variables require at least '/std:c++17'
C:\Users\rusaf\Documents\Trabajos\Pacman\Pacman\Constants.h(37,31): error C7525: inline variables require at least '/std:c++17'
C:\Users\rusaf\Documents\Trabajos\Pacman\Pacman\Constants.h(38,31): error C7525: inline variables require at least '/std:c++17'
C:\Users\rusaf\Documents\Trabajos\Pacman\Pacman\Constants.h(41,31): error C7525: inline variables require at least '/std:c++17'
C:\Users\rusaf\Documents\Trabajos\Pacman\Pacman\Constants.h(42,31): error C7525: inline variables require at least '/std:c++17'
C:\Users\rusaf\Documents\Trabajos\Pacman\Pacman\Constants.h(45,31): error C7525: inline variables require at least '/std:c++17'
C:\Users\rusaf\Documents\Trabajos\Pacman\Pacman\Constants.h(48,31): error C7525: inline variables require at least '/std:c++17'
C:\Users\rusaf\Documents\Trabajos\Pacman\Pacman\Constants.h(51,31): error C7525: inline variables require at least '/std:c++17'
C:\Users\rusaf\Documents\Trabajos\Pacman\Pacman\Constants.h(54,29): error C7525: inline variables require at least '/std:c++17'
C:\Users\rusaf\Documents\Trabajos\Pacman\Pacman\Constants.h(55,29): error C7525: inline variables require at least '/std:c++17'
C:\Users\rusaf\Documents\Trabajos\Pacman\Pacman\Constants.h(58,29): error C7525: inline variables require at least '/std:c++17'
  Dot.cpp
C:\Users\rusaf\Documents\Trabajos\Pacman\Pacman\Constants.h(26,31): error C7525: inline variables require at least '/std:c++17'
C:\Users\rusaf\Documents\Trabajos\Pacman\Pacman\Constants.h(27,31): error C7525: inline variables require at least '/std:c++17'
C:\Users\rusaf\Documents\Trabajos\Pacman\Pacman\Constants.h(28,31): error C7525: inline variables require at least '/std:c++17'
C:\Users\rusaf\Documents\Trabajos\Pacman\Pacman\Constants.h(29,31): error C7525: inline variables require at least '/std:c++17'
C:\Users\rusaf\Documents\Trabajos\Pacman\Pacman\Constants.h(32,31): error C7525: inline variables require at least '/std:c++17'
C:\Users\rusaf\Documents\Trabajos\Pacman\Pacman\Constants.h(33,31): error C7525: inline variables require at least '/std:c++17'
C:\Users\rusaf\Documents\Trabajos\Pacman\Pacman\Constants.h(34,31): error C7525: inline variables require at least '/std:c++17'
C:\Users\rusaf\Documents\Trabajos\Pacman\Pacman\Constants.h(35,31): error C7525: inline variables require at least '/std:c++17'
C:\Users\rusaf\Documents\Trabajos\Pacman\Pacman\Constants.h(37,31): error C7525: inline variables require at least '/std:c++17'
C:\Users\rusaf\Documents\Trabajos\Pacman\Pacman\Constants.h(38,31): error C7525: inline variables require at least '/std:c++17'
C:\Users\rusaf\Documents\Trabajos\Pacman\Pacman\Constants.h(41,31): error C7525: inline variables require at least '/std:c++17'
C:\Users\rusaf\Documents\Trabajos\Pacman\Pacman\Constants.h(42,31): error C7525: inline variables require at least '/std:c++17'
C:\Users\rusaf\Documents\Trabajos\Pacman\Pacman\Constants.h(45,31): error C7525: inline variables require at least '/std:c++17'
C:\Users\rusaf\Documents\Trabajos\Pacman\Pacman\Constants.h(48,31): error C7525: inline variables require at least '/std:c++17'
C:\Users\rusaf\Documents\Trabajos\Pacman\Pacman\Constants.h(51,31): error C7525: inline variables require at least '/std:c++17'
C:\Users\rusaf\Documents\Trabajos\Pacman\Pacman\Constants.h(54,29): error C7525: inline variables require at least '/std:c++17'
C:\Users\rusaf\Documents\Trabajos\Pacman\Pacman\Constants.h(55,29): error C7525: inline variables require at least '/std:c++17'
C:\Users\rusaf\Documents\Trabajos\Pacman\Pacman\Constants.h(58,29): error C7525: inline variables require at least '/std:c++17'
  Drawer.cpp
  GameEntity.cpp
  Ghost.cpp
C:\Users\rusaf\Documents\Trabajos\Pacman\Pacman\Constants.h(26,31): error C7525: inline variables require at least '/std:c++17'
C:\Users\rusaf\Documents\Trabajos\Pacman\Pacman\Constants.h(27,31): error C7525: inline variables require at least '/std:c++17'
C:\Users\rusaf\Documents\Trabajos\Pacman\Pacman\Constants.h(28,31): error C7525: inline variables require at least '/std:c++17'
C:\Users\rusaf\Documents\Trabajos\Pacman\Pacman\Constants.h(29,31): error C7525: inline variables require at least '/std:c++17'
C:\Users\rusaf\Documents\Trabajos\Pacman\Pacman\Constants.h(32,31): error C7525: inline variables require at least '/std:c++17'
C:\Users\rusaf\Documents\Trabajos\Pacman\Pacman\Constants.h(33,31): error C7525: inline variables require at least '/std:c++17'
C:\Users\rusaf\Documents\Trabajos\Pacman\Pacman\Constants.h(34,31): error C7525: inline variables require at least '/std:c++17'
C:\Users\rusaf\Documents\Trabajos\Pacman\Pacman\Constants.h(35,31): error C7525: inline variables require at least '/std:c++17'
C:\Users\rusaf\Documents\Trabajos\Pacman\Pacman\Constants.h(37,31): error C7525: inline variables require at least '/std:c++17'
C:\Users\rusaf\Documents\Trabajos\Pacman\Pacman\Constants.h(38,31): error C7525: inline variables require at least '/std:c++17'
C:\Users\rusaf\Documents\Trabajos\Pacman\Pacman\Constants.h(41,31): error C7525: inline variables require at least '/std:c++17'
C:\Users\rusaf\Documents\Trabajos\Pacman\Pacman\Constants.h(42,31): error C7525: inline variables require at least '/std:c++17'
C:\Users\rusaf\Documents\Trabajos\Pacman\Pacman\Constants.h(45,31): error C7525: inline variables require at least '/std:c++17'
C:\Users\rusaf\Documents\Trabajos\Pacman\Pacman\Constants.h(48,31): error C7525: inline variables require at least '/std:c++17'
C:\Users\rusaf\Documents\Trabajos\Pacman\Pacman\Constants.h(51,31): error C7525: inline variables require at least '/std:c++17'
C:\Users\rusaf\Documents\Trabajos\Pacman\Pacman\Constants.h(54,29): error C7525: inline variables require at least '/std:c++17'
C:\Users\rusaf\Documents\Trabajos\Pacman\Pacman\Constants.h(55,29): error C7525: inline variables require at least '/std:c++17'
C:\Users\rusaf\Documents\Trabajos\Pacman\Pacman\Constants.h(58,29): error C7525: inline variables require at least '/std:c++17'
C:\Users\rusaf\Documents\Trabajos\Pacman\Pacman\Ghost.h(53,31): warning C4244: 'initializing': conversion from 'float' to 'const int', possible loss of data
C:\Users\rusaf\Documents\Trabajos\Pacman\Pacman\Ghost.h(54,25): warning C4244: 'initializing': conversion from 'float' to 'const int', possible loss of data
C:\Users\rusaf\Documents\Trabajos\Pacman\Pacman\Ghost.h(55,28): warning C4244: 'initializing': conversion from 'float' to 'const int', possible loss of data
C:\Users\rusaf\Documents\Trabajos\Pacman\Pacman\Avatar.h(31,27): warning C4244: 'initializing': conversion from 'float' to 'const int', possible loss of data
C:\Users\rusaf\Documents\Trabajos\Pacman\Pacman\Ghost.cpp(72,11): warning C4244: '=': conversion from 'const int' to 'float', possible loss of data
C:\Users\rusaf\Documents\Trabajos\Pacman\Pacman\Ghost.cpp(80,11): warning C4244: '=': conversion from 'const int' to 'float', possible loss of data
C:\Users\rusaf\Documents\Trabajos\Pacman\Pacman\Ghost.cpp(103,69): warning C4244: 'argument': conversion from 'int' to 'float', possible loss of data
C:\Users\rusaf\Documents\Trabajos\Pacman\Pacman\Ghost.cpp(105,68): warning C4244: 'argument': conversion from 'int' to 'float', possible loss of data
C:\Users\rusaf\Documents\Trabajos\Pacman\Pacman\Ghost.cpp(115,13): warning C4244: '=': conversion from 'const int' to 'float', possible loss of data
C:\Users\rusaf\Documents\Trabajos\Pacman\Pacman\Ghost.cpp(286,52): warning C4244: 'argument': conversion from 'float' to 'const int', possible loss of data
C:\Users\rusaf\Documents\Trabajos\Pacman\Pacman\Ghost.cpp(288,52): warning C4244: 'argument': conversion from 'float' to 'const int', possible loss of data
C:\Users\rusaf\Documents\Trabajos\Pacman\Pacman\Ghost.cpp(291,52): warning C4244: 'argument': conversion from 'float' to 'const int', possible loss of data
C:\Users\rusaf\Documents\Trabajos\Pacman\Pacman\Ghost.cpp(293,52): warning C4244: 'argument': conversion from 'float' to 'const int', possible loss of data
  MovableGameEntity.cpp
C:\Users\rusaf\Documents\Trabajos\Pacman\Pacman\Constants.h(26,31): error C7525: inline variables require at least '/std:c++17'
C:\Users\rusaf\Documents\Trabajos\Pacman\Pacman\Constants.h(27,31): error C7525: inline variables require at least '/std:c++17'
C:\Users\rusaf\Documents\Trabajos\Pacman\Pacman\Constants.h(28,31): error C7525: inline variables require at least '/std:c++17'
C:\Users\rusaf\Documents\Trabajos\Pacman\Pacman\Constants.h(29,31): error C7525: inline variables require at least '/std:c++17'
C:\Users\rusaf\Documents\Trabajos\Pacman\Pacman\Constants.h(32,31): error C7525: inline variables require at least '/std:c++17'
C:\Users\rusaf\Documents\Trabajos\Pacman\Pacman\Constants.h(33,31): error C7525: inline variables require at least '/std:c++17'
C:\Users\rusaf\Documents\Trabajos\Pacman\Pacman\Constants.h(34,31): error C7525: inline variables require at least '/std:c++17'
C:\Users\rusaf\Documents\Trabajos\Pacman\Pacman\Constants.h(35,31): error C7525: inline variables require at least '/std:c++17'
C:\Users\rusaf\Documents\Trabajos\Pacman\Pacman\Constants.h(37,31): error C7525: inline variables require at least '/std:c++17'
C:\Users\rusaf\Documents\Trabajos\Pacman\Pacman\Constants.h(38,31): error C7525: inline variables require at least '/std:c++17'
C:\Users\rusaf\Documents\Trabajos\Pacman\Pacman\Constants.h(41,31): error C7525: inline variables require at least '/std:c++17'
C:\Users\rusaf\Documents\Trabajos\Pacman\Pacman\Constants.h(42,31): error C7525: inline variables require at least '/std:c++17'
C:\Users\rusaf\Documents\Trabajos\Pacman\Pacman\Constants.h(45,31): error C7525: inline variables require at least '/std:c++17'
C:\Users\rusaf\Documents\Trabajos\Pacman\Pacman\Constants.h(48,31): error C7525: inline variables require at least '/std:c++17'
C:\Users\rusaf\Documents\Trabajos\Pacman\Pacman\Constants.h(51,31): error C7525: inline variables require at least '/std:c++17'
C:\Users\rusaf\Documents\Trabajos\Pacman\Pacman\Constants.h(54,29): error C7525: inline variables require at least '/std:c++17'
C:\Users\rusaf\Documents\Trabajos\Pacman\Pacman\Constants.h(55,29): error C7525: inline variables require at least '/std:c++17'
C:\Users\rusaf\Documents\Trabajos\Pacman\Pacman\Constants.h(58,29): error C7525: inline variables require at least '/std:c++17'
C:\Users\rusaf\Documents\Trabajos\Pacman\Pacman\MovableGameEntity.cpp(38,49): warning C4244: '=': conversion from 'float' to 'int', possible loss of data
C:\Users\rusaf\Documents\Trabajos\Pacman\Pacman\MovableGameEntity.cpp(39,49): warning C4244: '=': conversion from 'float' to 'int', possible loss of data
  Pacman.cpp
C:\Users\rusaf\Documents\Trabajos\Pacman\Pacman\Constants.h(26,31): error C7525: inline variables require at least '/std:c++17'
C:\Users\rusaf\Documents\Trabajos\Pacman\Pacman\Constants.h(27,31): error C7525: inline variables require at least '/std:c++17'
C:\Users\rusaf\Documents\Trabajos\Pacman\Pacman\Constants.h(28,31): error C7525: inline variables require at least '/std:c++17'
C:\Users\rusaf\Documents\Trabajos\Pacman\Pacman\Constants.h(29,31): error C7525: inline variables require at least '/std:c++17'
C:\Users\rusaf\Documents\Trabajos\Pacman\Pacman\Constants.h(32,31): error C7525: inline variables require at least '/std:c++17'
C:\Users\rusaf\Documents\Trabajos\Pacman\Pacman\Constants.h(33,31): error C7525: inline variables require at least '/std:c++17'
C:\Users\rusaf\Documents\Trabajos\Pacman\Pacman\Constants.h(34,31): error C7525: inline variables require at least '/std:c++17'
C:\Users\rusaf\Documents\Trabajos\Pacman\Pacman\Constants.h(35,31): error C7525: inline variables require at least '/std:c++17'
C:\Users\rusaf\Documents\Trabajos\Pacman\Pacman\Constants.h(37,31): error C7525: inline variables require at least '/std:c++17'
C:\Users\rusaf\Documents\Trabajos\Pacman\Pacman\Constants.h(38,31): error C7525: inline variables require at least '/std:c++17'
C:\Users\rusaf\Documents\Trabajos\Pacman\Pacman\Constants.h(41,31): error C7525: inline variables require at least '/std:c++17'
C:\Users\rusaf\Documents\Trabajos\Pacman\Pacman\Constants.h(42,31): error C7525: inline variables require at least '/std:c++17'
C:\Users\rusaf\Documents\Trabajos\Pacman\Pacman\Constants.h(45,31): error C7525: inline variables require at least '/std:c++17'
C:\Users\rusaf\Documents\Trabajos\Pacman\Pacman\Constants.h(48,31): error C7525: inline variables require at least '/std:c++17'
C:\Users\rusaf\Documents\Trabajos\Pacman\Pacman\Constants.h(51,31): error C7525: inline variables require at least '/std:c++17'
C:\Users\rusaf\Documents\Trabajos\Pacman\Pacman\Constants.h(54,29): error C7525: inline variables require at least '/std:c++17'
C:\Users\rusaf\Documents\Trabajos\Pacman\Pacman\Constants.h(55,29): error C7525: inline variables require at least '/std:c++17'
C:\Users\rusaf\Documents\Trabajos\Pacman\Pacman\Constants.h(58,29): error C7525: inline variables require at least '/std:c++17'
C:\Users\rusaf\Documents\Trabajos\Pacman\Pacman\Avatar.h(31,27): warning C4244: 'initializing': conversion from 'float' to 'const int', possible loss of data
C:\Users\rusaf\Documents\Trabajos\Pacman\Pacman\Ghost.h(53,31): warning C4244: 'initializing': conversion from 'float' to 'const int', possible loss of data
C:\Users\rusaf\Documents\Trabajos\Pacman\Pacman\Ghost.h(54,25): warning C4244: 'initializing': conversion from 'float' to 'const int', possible loss of data
C:\Users\rusaf\Documents\Trabajos\Pacman\Pacman\Ghost.h(55,28): warning C4244: 'initializing': conversion from 'float' to 'const int', possible loss of data
C:\Users\rusaf\Documents\Trabajos\Pacman\Pacman\Pacman.cpp(254,78): warning C4244: 'argument': conversion from 'int' to 'float', possible loss of data
C:\Users\rusaf\Documents\Trabajos\Pacman\Pacman\Pacman.cpp(254,51): warning C4244: 'argument': conversion from 'int' to 'float', possible loss of data
C:\Users\rusaf\Documents\Trabajos\Pacman\Pacman\Pacman.cpp(355,64): warning C4244: 'argument': conversion from 'int' to 'float', possible loss of data
C:\Users\rusaf\Documents\Trabajos\Pacman\Pacman\Pacman.cpp(355,41): warning C4244: 'argument': conversion from 'int' to 'float', possible loss of data
  PathmapTile.cpp
  Sprite.cpp
  SpriteFont.cpp
C:\Users\rusaf\Documents\Trabajos\Pacman\Pacman\Constants.h(26,31): error C7525: inline variables require at least '/std:c++17'
C:\Users\rusaf\Documents\Trabajos\Pacman\Pacman\Constants.h(27,31): error C7525: inline variables require at least '/std:c++17'
C:\Users\rusaf\Documents\Trabajos\Pacman\Pacman\Constants.h(28,31): error C7525: inline variables require at least '/std:c++17'
C:\Users\rusaf\Documents\Trabajos\Pacman\Pacman\Constants.h(29,31): error C7525: inline variables require at least '/std:c++17'
C:\Users\rusaf\Documents\Trabajos\Pacman\Pacman\Constants.h(32,31): error C7525: inline variables require at least '/std:c++17'
C:\Users\rusaf\Documents\Trabajos\Pacman\Pacman\Constants.h(33,31): error C7525: inline variables require at least '/std:c++17'
C:\Users\rusaf\Documents\Trabajos\Pacman\Pacman\Constants.h(34,31): error C7525: inline variables require at least '/std:c++17'
C:\Users\rusaf\Documents\Trabajos\Pacman\Pacman\Constants.h(35,31): error C7525: inline variables require at least '/std:c++17'
C:\Users\rusaf\Documents\Trabajos\Pacman\Pacman\Constants.h(37,31): error C7525: inline variables require at least '/std:c++17'
C:\Users\rusaf\Documents\Trabajos\Pacman\Pacman\Constants.h(38,31): error C7525: inline variables require at least '/std:c++17'
C:\Users\rusaf\Documents\Trabajos\Pacman\Pacman\Constants.h(41,31): error C7525: inline variables require at least '/std:c++17'
C:\Users\rusaf\Documents\Trabajos\Pacman\Pacman\Constants.h(42,31): error C7525: inline variables require at least '/std:c++17'
C:\Users\rusaf\Documents\Trabajos\Pacman\Pacman\Constants.h(45,31): error C7525: inline variables require at least '/std:c++17'
C:\Users\rusaf\Documents\Trabajos\Pacman\Pacman\Constants.h(48,31): error C7525: inline variables require at least '/std:c++17'
C:\Users\rusaf\Documents\Trabajos\Pacman\Pacman\Constants.h(51,31): error C7525: inline variables require at least '/std:c++17'
C:\Users\rusaf\Documents\Trabajos\Pacman\Pacman\Constants.h(54,29): error C7525: inline variables require at least '/std:c++17'
C:\Users\rusaf\Documents\Trabajos\Pacman\Pacman\Constants.h(55,29): error C7525: inline variables require at least '/std:c++17'
C:\Users\rusaf\Documents\Trabajos\Pacman\Pacman\Constants.h(58,29): error C7525: inline variables require at least '/std:c++17'
  StaticGameEntity.cpp
  Vector2f.cpp
  World.cpp
C:\Users\rusaf\Documents\Trabajos\Pacman\Pacman\Constants.h(26,31): error C7525: inline variables require at least '/std:c++17'
C:\Users\rusaf\Documents\Trabajos\Pacman\Pacman\Constants.h(27,31): error C7525: inline variables require at least '/std:c++17'
C:\Users\rusaf\Documents\Trabajos\Pacman\Pacman\Constants.h(28,31): error C7525: inline variables require at least '/std:c++17'
C:\Users\rusaf\Documents\Trabajos\Pacman\Pacman\Constants.h(29,31): error C7525: inline variables require at least '/std:c++17'
C:\Users\rusaf\Documents\Trabajos\Pacman\Pacman\Constants.h(32,31): error C7525: inline variables require at least '/std:c++17'
C:\Users\rusaf\Documents\Trabajos\Pacman\Pacman\Constants.h(33,31): error C7525: inline variables require at least '/std:c++17'
C:\Users\rusaf\Documents\Trabajos\Pacman\Pacman\Constants.h(34,31): error C7525: inline variables require at least '/std:c++17'
C:\Users\rusaf\Documents\Trabajos\Pacman\Pacman\Constants.h(35,31): error C7525: inline variables require at least '/std:c++17'
C:\Users\rusaf\Documents\Trabajos\Pacman\Pacman\Constants.h(37,31): error C7525: inline variables require at least '/std:c++17'
C:\Users\rusaf\Documents\Trabajos\Pacman\Pacman\Constants.h(38,31): error C7525: inline variables require at least '/std:c++17'
C:\Users\rusaf\Documents\Trabajos\Pacman\Pacman\Constants.h(41,31): error C7525: inline variables require at least '/std:c++17'
C:\Users\rusaf\Documents\Trabajos\Pacman\Pacman\Constants.h(42,31): error C7525: inline variables require at least '/std:c++17'
C:\Users\rusaf\Documents\Trabajos\Pacman\Pacman\Constants.h(45,31): error C7525: inline variables require at least '/std:c++17'
C:\Users\rusaf\Documents\Trabajos\Pacman\Pacman\Constants.h(48,31): error C7525: inline variables require at least '/std:c++17'
C:\Users\rusaf\Documents\Trabajos\Pacman\Pacman\Constants.h(51,31): error C7525: inline variables require at least '/std:c++17'
C:\Users\rusaf\Documents\Trabajos\Pacman\Pacman\Constants.h(54,29): error C7525: inline variables require at least '/std:c++17'
C:\Users\rusaf\Documents\Trabajos\Pacman\Pacman\Constants.h(55,29): error C7525: inline variables require at least '/std:c++17'
C:\Users\rusaf\Documents\Trabajos\Pacman\Pacman\Constants.h(58,29): error C7525: inline variables require at least '/std:c++17'
C:\Users\rusaf\Documents\Trabajos\Pacman\Pacman\Avatar.h(31,27): warning C4244: 'initializing': conversion from 'float' to 'const int', possible loss of data
C:\Users\rusaf\Documents\Trabajos\Pacman\Pacman\World.cpp(29,51): warning C4150: deletion of pointer to incomplete type 'Cherry'; no destructor called
C:\Users\rusaf\Documents\Trabajos\Pacman\Pacman\World.h(25): message : see declaration of 'Cherry'
C:\Users\rusaf\Documents\Trabajos\Pacman\Pacman\World.cpp(122,62): warning C4244: 'argument': conversion from 'int' to 'float', possible loss of data
C:\Users\rusaf\Documents\Trabajos\Pacman\Pacman\World.cpp(122,41): warning C4244: 'argument': conversion from 'unsigned int' to 'float', possible loss of data
C:\Users\rusaf\Documents\Trabajos\Pacman\Pacman\World.cpp(288,13): warning C4244: 'return': conversion from 'double' to 'float', possible loss of data
C:\Users\rusaf\Documents\Trabajos\Pacman\Pacman\World.cpp(320,20): warning C4018: '<': signed/unsigned mismatch
  main.cpp
C:\Users\rusaf\Documents\Trabajos\Pacman\Pacman\Constants.h(26,31): error C7525: inline variables require at least '/std:c++17'
C:\Users\rusaf\Documents\Trabajos\Pacman\Pacman\Constants.h(27,31): error C7525: inline variables require at least '/std:c++17'
C:\Users\rusaf\Documents\Trabajos\Pacman\Pacman\Constants.h(28,31): error C7525: inline variables require at least '/std:c++17'
C:\Users\rusaf\Documents\Trabajos\Pacman\Pacman\Constants.h(29,31): error C7525: inline variables require at least '/std:c++17'
C:\Users\rusaf\Documents\Trabajos\Pacman\Pacman\Constants.h(32,31): error C7525: inline variables require at least '/std:c++17'
C:\Users\rusaf\Documents\Trabajos\Pacman\Pacman\Constants.h(33,31): error C7525: inline variables require at least '/std:c++17'
C:\Users\rusaf\Documents\Trabajos\Pacman\Pacman\Constants.h(34,31): error C7525: inline variables require at least '/std:c++17'
C:\Users\rusaf\Documents\Trabajos\Pacman\Pacman\Constants.h(35,31): error C7525: inline variables require at least '/std:c++17'
C:\Users\rusaf\Documents\Trabajos\Pacman\Pacman\Constants.h(37,31): error C7525: inline variables require at least '/std:c++17'
C:\Users\rusaf\Documents\Trabajos\Pacman\Pacman\Constants.h(38,31): error C7525: inline variables require at least '/std:c++17'
C:\Users\rusaf\Documents\Trabajos\Pacman\Pacman\Constants.h(41,31): error C7525: inline variables require at least '/std:c++17'
C:\Users\rusaf\Documents\Trabajos\Pacman\Pacman\Constants.h(42,31): error C7525: inline variables require at least '/std:c++17'
C:\Users\rusaf\Documents\Trabajos\Pacman\Pacman\Constants.h(45,31): error C7525: inline variables require at least '/std:c++17'
C:\Users\rusaf\Documents\Trabajos\Pacman\Pacman\Constants.h(48,31): error C7525: inline variables require at least '/std:c++17'
C:\Users\rusaf\Documents\Trabajos\Pacman\Pacman\Constants.h(51,31): error C7525: inline variables require at least '/std:c++17'
C:\Users\rusaf\Documents\Trabajos\Pacman\Pacman\Constants.h(54,29): error C7525: inline variables require at least '/std:c++17'
C:\Users\rusaf\Documents\Trabajos\Pacman\Pacman\Constants.h(55,29): error C7525: inline variables require at least '/std:c++17'
C:\Users\rusaf\Documents\Trabajos\Pacman\Pacman\Constants.h(58,29): error C7525: inline variables require at least '/std:c++17'
